[2025-02-04 10:45:02] INFO [main.lifespan:18] Starting up FastAPI application
[2025-02-04 10:45:09] INFO [main.lifespan:21] Shutting down FastAPI application
[2025-02-04 10:45:10] INFO [main.lifespan:18] Starting up FastAPI application
[2025-02-04 10:45:16] INFO [app.services.redis.__init__:17] Successfully connected to Redis at localhost:6379
[2025-02-04 10:45:16] INFO [app.services.supabase.__init__:11] Successfully connected to Supabase at https://scvjcsutiyircyrusvsb.supabase.co
[2025-02-04 10:46:47] INFO [main.lifespan:21] Shutting down FastAPI application
[2025-02-04 10:46:50] INFO [main.lifespan:18] Starting up FastAPI application
[2025-02-04 10:46:56] INFO [main.lifespan:21] Shutting down FastAPI application
[2025-02-04 10:46:59] INFO [main.lifespan:18] Starting up FastAPI application
[2025-02-04 10:47:11] INFO [app.services.redis.__init__:18] Successfully connected to Redis at localhost:6379
[2025-02-04 10:47:11] INFO [app.services.supabase.__init__:11] Successfully connected to Supabase at https://scvjcsutiyircyrusvsb.supabase.co
[2025-02-04 10:47:12] INFO [app.services.redis.__init__:18] Successfully connected to Redis at localhost:6379
[2025-02-04 10:47:13] INFO [app.services.supabase.__init__:11] Successfully connected to Supabase at https://scvjcsutiyircyrusvsb.supabase.co
[2025-02-04 10:48:51] INFO [main.lifespan:21] Shutting down FastAPI application
[2025-02-04 10:48:52] INFO [main.lifespan:18] Starting up FastAPI application
[2025-02-04 10:49:17] INFO [main.lifespan:21] Shutting down FastAPI application
[2025-02-04 10:49:23] INFO [main.lifespan:18] Starting up FastAPI application
[2025-02-04 10:49:27] INFO [app.services.redis.__init__:18] Successfully connected to Redis at localhost:6379
[2025-02-04 10:49:28] INFO [app.services.supabase.__init__:11] Successfully connected to Supabase at https://scvjcsutiyircyrusvsb.supabase.co
[2025-02-04 10:49:44] INFO [main.lifespan:21] Shutting down FastAPI application
[2025-02-04 10:49:47] INFO [main.lifespan:18] Starting up FastAPI application
[2025-02-04 10:51:42] INFO [main.lifespan:21] Shutting down FastAPI application
[2025-02-04 10:51:43] INFO [app.services.redis.__init__:18] Successfully connected to Redis at localhost:6379
[2025-02-04 10:51:43] INFO [main.lifespan:27] Redis connection established at startup
[2025-02-04 10:51:43] INFO [app.services.supabase.__init__:11] Successfully connected to Supabase at https://scvjcsutiyircyrusvsb.supabase.co
[2025-02-04 10:51:43] INFO [main.lifespan:35] Supabase connection established at startup
[2025-02-04 10:51:43] INFO [main.lifespan:40] Starting up FastAPI application
[2025-02-04 10:52:03] INFO [main.lifespan:44] Shutting down FastAPI application and closing connections
[2025-02-04 10:52:05] INFO [app.services.redis.__init__:18] Successfully connected to Redis at localhost:6379
[2025-02-04 10:52:05] INFO [main.lifespan:27] Redis connection established at startup
[2025-02-04 10:52:05] INFO [app.services.supabase.__init__:11] Successfully connected to Supabase at https://scvjcsutiyircyrusvsb.supabase.co
[2025-02-04 10:52:05] INFO [main.lifespan:35] Supabase connection established at startup
[2025-02-04 10:52:05] INFO [main.lifespan:40] Starting up FastAPI application
[2025-02-04 10:54:00] INFO [main.lifespan:44] Shutting down FastAPI application and closing connections
[2025-02-04 10:54:01] INFO [app.services.redis.__init__:18] Successfully connected to Redis at localhost:6379
[2025-02-04 10:54:01] INFO [main.lifespan:27] Redis connection established at startup
[2025-02-04 10:54:01] INFO [app.services.supabase.__init__:11] Successfully connected to Supabase at https://scvjcsutiyircyrusvsb.supabase.co
[2025-02-04 10:54:01] INFO [main.lifespan:35] Supabase connection established at startup
[2025-02-04 10:54:01] INFO [main.lifespan:40] Starting up FastAPI application
[2025-02-04 10:54:18] INFO [main.lifespan:44] Shutting down FastAPI application and closing connections
[2025-02-04 10:54:19] INFO [app.services.redis.__init__:18] Successfully connected to Redis at localhost:6379
[2025-02-04 10:54:19] INFO [main.lifespan:27] Redis connection established at startup
[2025-02-04 10:54:19] INFO [app.services.supabase.__init__:11] Successfully connected to Supabase at https://scvjcsutiyircyrusvsb.supabase.co
[2025-02-04 10:54:19] INFO [main.lifespan:35] Supabase connection established at startup
[2025-02-04 10:54:19] INFO [main.lifespan:40] Starting up FastAPI application
[2025-02-04 10:55:09] INFO [main.lifespan:44] Shutting down FastAPI application and closing connections
[2025-02-04 10:55:10] INFO [app.services.redis.__init__:18] Successfully connected to Redis at localhost:6379
[2025-02-04 10:55:10] INFO [main.lifespan:27] Redis connection established at startup
[2025-02-04 10:55:10] INFO [app.services.supabase.__init__:11] Successfully connected to Supabase at https://scvjcsutiyircyrusvsb.supabase.co
[2025-02-04 10:55:10] INFO [main.lifespan:35] Supabase connection established at startup
[2025-02-04 10:55:10] INFO [main.lifespan:40] Starting up FastAPI application
[2025-02-04 10:55:15] INFO [main.lifespan:44] Shutting down FastAPI application and closing connections
[2025-02-04 10:55:15] INFO [app.services.redis.__init__:18] Successfully connected to Redis at localhost:6379
[2025-02-04 10:55:15] INFO [main.lifespan:27] Redis connection established at startup
[2025-02-04 10:55:15] INFO [app.services.supabase.__init__:11] Successfully connected to Supabase at https://scvjcsutiyircyrusvsb.supabase.co
[2025-02-04 10:55:15] INFO [main.lifespan:35] Supabase connection established at startup
[2025-02-04 10:55:15] INFO [main.lifespan:40] Starting up FastAPI application
[2025-02-04 10:55:19] INFO [main.lifespan:44] Shutting down FastAPI application and closing connections
[2025-02-04 10:55:19] INFO [app.services.redis.__init__:18] Successfully connected to Redis at localhost:6379
[2025-02-04 10:55:19] INFO [main.lifespan:27] Redis connection established at startup
[2025-02-04 10:55:19] INFO [app.services.supabase.__init__:11] Successfully connected to Supabase at https://scvjcsutiyircyrusvsb.supabase.co
[2025-02-04 10:55:19] INFO [main.lifespan:35] Supabase connection established at startup
[2025-02-04 10:55:19] INFO [main.lifespan:40] Starting up FastAPI application
[2025-02-04 10:55:37] INFO [main.lifespan:44] Shutting down FastAPI application and closing connections
[2025-02-04 10:55:38] INFO [app.services.redis.__init__:18] Successfully connected to Redis at localhost:6379
[2025-02-04 10:55:38] INFO [main.lifespan:27] Redis connection established at startup
[2025-02-04 10:55:38] INFO [app.services.supabase.__init__:11] Successfully connected to Supabase at https://scvjcsutiyircyrusvsb.supabase.co
[2025-02-04 10:55:38] INFO [main.lifespan:35] Supabase connection established at startup
[2025-02-04 10:55:38] INFO [main.lifespan:40] Starting up FastAPI application
[2025-02-04 10:55:43] ERROR [app.api.endpoints.health.health_check:24] Redis health check failed: 'Logger' object is not callable
[2025-02-04 10:56:19] INFO [main.lifespan:44] Shutting down FastAPI application and closing connections
[2025-02-04 10:56:22] INFO [app.services.redis.__init__:18] Successfully connected to Redis at localhost:6379
[2025-02-04 10:56:22] INFO [main.lifespan:27] Redis connection established at startup
[2025-02-04 10:56:22] INFO [app.services.supabase.__init__:11] Successfully connected to Supabase at https://scvjcsutiyircyrusvsb.supabase.co
[2025-02-04 10:56:22] INFO [main.lifespan:35] Supabase connection established at startup
[2025-02-04 10:56:22] INFO [main.lifespan:40] Starting up FastAPI application
[2025-02-04 10:56:28] INFO [main.lifespan:44] Shutting down FastAPI application and closing connections
[2025-02-04 10:56:32] INFO [app.services.redis.__init__:18] Successfully connected to Redis at localhost:6379
[2025-02-04 10:56:32] INFO [main.lifespan:27] Redis connection established at startup
[2025-02-04 10:56:32] INFO [app.services.supabase.__init__:11] Successfully connected to Supabase at https://scvjcsutiyircyrusvsb.supabase.co
[2025-02-04 10:56:32] INFO [main.lifespan:35] Supabase connection established at startup
[2025-02-04 10:56:32] INFO [main.lifespan:40] Starting up FastAPI application
[2025-02-04 10:56:33] INFO [main.lifespan:44] Shutting down FastAPI application and closing connections
[2025-02-04 10:56:33] INFO [app.services.redis.__init__:18] Successfully connected to Redis at localhost:6379
[2025-02-04 10:56:33] INFO [main.lifespan:27] Redis connection established at startup
[2025-02-04 10:56:33] INFO [app.services.supabase.__init__:11] Successfully connected to Supabase at https://scvjcsutiyircyrusvsb.supabase.co
[2025-02-04 10:56:33] INFO [main.lifespan:35] Supabase connection established at startup
[2025-02-04 10:56:33] INFO [main.lifespan:40] Starting up FastAPI application
[2025-02-04 10:56:47] INFO [main.lifespan:44] Shutting down FastAPI application and closing connections
[2025-02-04 10:56:48] INFO [app.services.redis.__init__:18] Successfully connected to Redis at localhost:6379
[2025-02-04 10:56:48] INFO [main.lifespan:27] Redis connection established at startup
[2025-02-04 10:56:48] INFO [app.services.supabase.__init__:11] Successfully connected to Supabase at https://scvjcsutiyircyrusvsb.supabase.co
[2025-02-04 10:56:48] INFO [main.lifespan:35] Supabase connection established at startup
[2025-02-04 10:56:48] INFO [main.lifespan:40] Starting up FastAPI application
[2025-02-04 16:37:39] INFO [main.lifespan:44] Shutting down FastAPI application and closing connections
[2025-02-04 16:37:41] INFO [app.services.redis.__init__:18] Successfully connected to Redis at localhost:6379
[2025-02-04 16:37:41] INFO [main.lifespan:27] Redis connection established at startup
[2025-02-04 16:37:41] INFO [app.services.supabase.__init__:11] Successfully connected to Supabase at https://scvjcsutiyircyrusvsb.supabase.co
[2025-02-04 16:37:41] INFO [main.lifespan:35] Supabase connection established at startup
[2025-02-04 16:37:41] INFO [main.lifespan:40] Starting up FastAPI application
[2025-02-04 17:00:32] INFO [main.lifespan:44] Shutting down FastAPI application and closing connections
[2025-02-04 17:00:33] INFO [app.services.redis.__init__:18] Successfully connected to Redis at localhost:6379
[2025-02-04 17:00:33] INFO [main.lifespan:27] Redis connection established at startup
[2025-02-04 17:00:33] INFO [app.services.supabase.__init__:11] Successfully connected to Supabase at https://scvjcsutiyircyrusvsb.supabase.co
[2025-02-04 17:00:33] INFO [main.lifespan:35] Supabase connection established at startup
[2025-02-04 17:00:33] INFO [main.lifespan:40] Starting up FastAPI application
[2025-02-04 17:07:56] INFO [main.lifespan:44] Shutting down FastAPI application and closing connections
[2025-02-04 17:07:57] INFO [app.services.redis.__init__:18] Successfully connected to Redis at localhost:6379
[2025-02-04 17:07:57] INFO [main.lifespan:29] Redis connection established at startup
[2025-02-04 17:07:57] INFO [app.services.supabase.__init__:11] Successfully connected to Supabase at https://scvjcsutiyircyrusvsb.supabase.co
[2025-02-04 17:07:57] INFO [main.lifespan:37] Supabase connection established at startup
[2025-02-04 17:07:57] INFO [main.lifespan:42] Starting up FastAPI application
[2025-02-04 17:08:02] INFO [main.lifespan:46] Shutting down FastAPI application and closing connections
[2025-02-04 17:08:03] INFO [app.services.redis.__init__:18] Successfully connected to Redis at localhost:6379
[2025-02-04 17:08:03] INFO [main.lifespan:29] Redis connection established at startup
[2025-02-04 17:08:03] INFO [app.services.supabase.__init__:11] Successfully connected to Supabase at https://scvjcsutiyircyrusvsb.supabase.co
[2025-02-04 17:08:03] INFO [main.lifespan:37] Supabase connection established at startup
[2025-02-04 17:08:03] INFO [main.lifespan:42] Starting up FastAPI application
[2025-02-04 17:08:13] INFO [main.lifespan:46] Shutting down FastAPI application and closing connections
[2025-02-04 17:08:57] INFO [app.services.redis.__init__:18] Successfully connected to Redis at localhost:6379
[2025-02-04 17:08:57] INFO [main.lifespan:29] Redis connection established at startup
[2025-02-04 17:08:57] INFO [app.services.supabase.__init__:11] Successfully connected to Supabase at https://scvjcsutiyircyrusvsb.supabase.co
[2025-02-04 17:08:57] INFO [main.lifespan:37] Supabase connection established at startup
[2025-02-04 17:08:57] INFO [main.lifespan:42] Starting up FastAPI application
[2025-02-04 17:09:05] INFO [main.lifespan:46] Shutting down FastAPI application and closing connections
[2025-02-04 17:11:07] INFO [app.services.redis.__init__:18] Successfully connected to Redis at localhost:6379
[2025-02-04 17:11:07] INFO [main.lifespan:29] Redis connection established at startup
[2025-02-04 17:11:08] INFO [app.services.supabase.__init__:11] Successfully connected to Supabase at https://scvjcsutiyircyrusvsb.supabase.co
[2025-02-04 17:11:08] INFO [main.lifespan:37] Supabase connection established at startup
[2025-02-04 17:11:08] INFO [main.lifespan:42] Starting up FastAPI application
[2025-02-04 17:11:13] INFO [main.lifespan:46] Shutting down FastAPI application and closing connections
[2025-02-04 17:11:13] INFO [app.services.redis.__init__:18] Successfully connected to Redis at localhost:6379
[2025-02-04 17:11:13] INFO [main.lifespan:29] Redis connection established at startup
[2025-02-04 17:11:13] INFO [app.services.supabase.__init__:11] Successfully connected to Supabase at https://scvjcsutiyircyrusvsb.supabase.co
[2025-02-04 17:11:13] INFO [main.lifespan:37] Supabase connection established at startup
[2025-02-04 17:11:13] INFO [main.lifespan:42] Starting up FastAPI application
[2025-02-04 17:11:18] INFO [main.lifespan:46] Shutting down FastAPI application and closing connections
[2025-02-04 17:11:18] INFO [app.services.redis.__init__:18] Successfully connected to Redis at localhost:6379
[2025-02-04 17:11:18] INFO [main.lifespan:28] Redis connection established at startup
[2025-02-04 17:11:18] INFO [app.services.supabase.__init__:11] Successfully connected to Supabase at https://scvjcsutiyircyrusvsb.supabase.co
[2025-02-04 17:11:18] INFO [main.lifespan:36] Supabase connection established at startup
[2025-02-04 17:11:18] INFO [main.lifespan:41] Starting up FastAPI application
[2025-02-04 17:12:19] INFO [main.lifespan:45] Shutting down FastAPI application and closing connections
[2025-02-04 17:13:27] INFO [app.services.redis.__init__:18] Successfully connected to Redis at localhost:6379
[2025-02-04 17:13:27] INFO [main.lifespan:28] Redis connection established at startup
[2025-02-04 17:13:27] INFO [app.services.supabase.__init__:11] Successfully connected to Supabase at https://scvjcsutiyircyrusvsb.supabase.co
[2025-02-04 17:13:27] INFO [main.lifespan:36] Supabase connection established at startup
[2025-02-04 17:13:27] INFO [main.lifespan:41] Starting up FastAPI application
[2025-02-04 17:14:18] INFO [main.lifespan:45] Shutting down FastAPI application and closing connections
[2025-02-04 17:14:19] INFO [app.services.redis.__init__:18] Successfully connected to Redis at localhost:6379
[2025-02-04 17:14:19] INFO [main.lifespan:29] Redis connection established at startup
[2025-02-04 17:14:19] INFO [app.services.supabase.__init__:11] Successfully connected to Supabase at https://scvjcsutiyircyrusvsb.supabase.co
[2025-02-04 17:14:19] INFO [main.lifespan:37] Supabase connection established at startup
[2025-02-04 17:14:19] INFO [main.lifespan:42] Starting up FastAPI application
[2025-02-04 17:14:43] INFO [main.lifespan:46] Shutting down FastAPI application and closing connections
[2025-02-04 17:14:56] INFO [app.services.redis.__init__:18] Successfully connected to Redis at localhost:6379
[2025-02-04 17:14:56] INFO [main.lifespan:29] Redis connection established at startup
[2025-02-04 17:14:56] INFO [app.services.supabase.__init__:11] Successfully connected to Supabase at https://scvjcsutiyircyrusvsb.supabase.co
[2025-02-04 17:14:56] INFO [main.lifespan:37] Supabase connection established at startup
[2025-02-04 17:14:56] INFO [main.lifespan:42] Starting up FastAPI application
[2025-02-04 17:14:58] INFO [main.lifespan:46] Shutting down FastAPI application and closing connections
[2025-02-04 17:14:59] INFO [app.services.redis.__init__:18] Successfully connected to Redis at localhost:6379
[2025-02-04 17:14:59] INFO [main.lifespan:29] Redis connection established at startup
[2025-02-04 17:14:59] INFO [app.services.supabase.__init__:11] Successfully connected to Supabase at https://scvjcsutiyircyrusvsb.supabase.co
[2025-02-04 17:14:59] INFO [main.lifespan:37] Supabase connection established at startup
[2025-02-04 17:14:59] INFO [main.lifespan:42] Starting up FastAPI application
[2025-02-04 17:15:00] INFO [main.lifespan:46] Shutting down FastAPI application and closing connections
[2025-02-04 17:15:21] INFO [app.services.redis.__init__:18] Successfully connected to Redis at localhost:6379
[2025-02-04 17:15:21] INFO [main.lifespan:29] Redis connection established at startup
[2025-02-04 17:15:21] INFO [app.services.supabase.__init__:11] Successfully connected to Supabase at https://scvjcsutiyircyrusvsb.supabase.co
[2025-02-04 17:15:21] INFO [main.lifespan:37] Supabase connection established at startup
[2025-02-04 17:15:21] INFO [main.lifespan:42] Starting up FastAPI application
[2025-02-04 17:15:25] INFO [main.lifespan:46] Shutting down FastAPI application and closing connections
[2025-02-04 17:16:23] INFO [app.services.redis.__init__:18] Successfully connected to Redis at localhost:6379
[2025-02-04 17:16:23] INFO [main.lifespan:29] Redis connection established at startup
[2025-02-04 17:16:23] INFO [app.services.supabase.__init__:11] Successfully connected to Supabase at https://scvjcsutiyircyrusvsb.supabase.co
[2025-02-04 17:16:23] INFO [main.lifespan:37] Supabase connection established at startup
[2025-02-04 17:16:23] INFO [main.lifespan:42] Starting up FastAPI application
[2025-02-04 17:18:10] INFO [main.lifespan:46] Shutting down FastAPI application and closing connections
[2025-02-04 17:31:08] INFO [app.services.redis.__init__:18] Successfully connected to Redis at localhost:6379
[2025-02-04 17:31:08] INFO [main.lifespan:29] Redis connection established at startup
[2025-02-04 17:31:08] INFO [app.services.supabase.__init__:11] Successfully connected to Supabase at https://scvjcsutiyircyrusvsb.supabase.co
[2025-02-04 17:31:08] INFO [main.lifespan:37] Supabase connection established at startup
[2025-02-04 17:31:08] INFO [main.lifespan:42] Starting up FastAPI application
[2025-02-04 17:31:12] INFO [main.lifespan:46] Shutting down FastAPI application and closing connections
[2025-02-04 17:31:21] INFO [app.services.redis.__init__:18] Successfully connected to Redis at localhost:6379
[2025-02-04 17:31:21] INFO [main.lifespan:29] Redis connection established at startup
[2025-02-04 17:31:21] INFO [app.services.supabase.__init__:11] Successfully connected to Supabase at https://scvjcsutiyircyrusvsb.supabase.co
[2025-02-04 17:31:21] INFO [main.lifespan:37] Supabase connection established at startup
[2025-02-04 17:31:21] INFO [main.lifespan:42] Starting up FastAPI application
[2025-02-04 17:32:50] INFO [main.lifespan:46] Shutting down FastAPI application and closing connections
[2025-02-04 17:32:51] INFO [app.services.redis.__init__:18] Successfully connected to Redis at localhost:6379
[2025-02-04 17:32:51] INFO [main.lifespan:29] Redis connection established at startup
[2025-02-04 17:32:51] INFO [app.services.supabase.__init__:11] Successfully connected to Supabase at https://scvjcsutiyircyrusvsb.supabase.co
[2025-02-04 17:32:51] INFO [main.lifespan:37] Supabase connection established at startup
[2025-02-04 17:32:51] INFO [main.lifespan:42] Starting up FastAPI application
[2025-02-04 17:33:09] INFO [main.lifespan:46] Shutting down FastAPI application and closing connections
[2025-02-04 17:33:09] INFO [app.services.redis.__init__:18] Successfully connected to Redis at localhost:6379
[2025-02-04 17:33:09] INFO [main.lifespan:29] Redis connection established at startup
[2025-02-04 17:33:09] INFO [app.services.supabase.__init__:11] Successfully connected to Supabase at https://scvjcsutiyircyrusvsb.supabase.co
[2025-02-04 17:33:09] INFO [main.lifespan:37] Supabase connection established at startup
[2025-02-04 17:33:09] INFO [main.lifespan:42] Starting up FastAPI application
[2025-02-04 17:33:18] INFO [main.lifespan:46] Shutting down FastAPI application and closing connections
[2025-02-04 17:33:19] INFO [app.services.redis.__init__:18] Successfully connected to Redis at localhost:6379
[2025-02-04 17:33:19] INFO [main.lifespan:29] Redis connection established at startup
[2025-02-04 17:33:19] INFO [app.services.supabase.__init__:11] Successfully connected to Supabase at https://scvjcsutiyircyrusvsb.supabase.co
[2025-02-04 17:33:19] INFO [main.lifespan:37] Supabase connection established at startup
[2025-02-04 17:33:19] INFO [main.lifespan:42] Starting up FastAPI application
[2025-02-04 17:34:15] INFO [main.lifespan:46] Shutting down FastAPI application and closing connections
[2025-02-04 17:34:56] INFO [app.services.redis.__init__:18] Successfully connected to Redis at localhost:6379
[2025-02-04 17:34:56] INFO [main.lifespan:29] Redis connection established at startup
[2025-02-04 17:34:56] INFO [app.services.supabase.__init__:11] Successfully connected to Supabase at https://scvjcsutiyircyrusvsb.supabase.co
[2025-02-04 17:34:56] INFO [main.lifespan:37] Supabase connection established at startup
[2025-02-04 17:34:56] INFO [main.lifespan:42] Starting up FastAPI application
[2025-02-04 17:36:08] INFO [main.lifespan:46] Shutting down FastAPI application and closing connections
[2025-02-04 17:36:10] INFO [app.services.redis.__init__:18] Successfully connected to Redis at localhost:6379
[2025-02-04 17:36:10] INFO [main.lifespan:29] Redis connection established at startup
[2025-02-04 17:36:10] INFO [app.services.supabase.__init__:11] Successfully connected to Supabase at https://scvjcsutiyircyrusvsb.supabase.co
[2025-02-04 17:36:10] INFO [main.lifespan:37] Supabase connection established at startup
[2025-02-04 17:36:10] INFO [main.lifespan:42] Starting up FastAPI application
[2025-02-04 17:53:21] INFO [main.lifespan:46] Shutting down FastAPI application and closing connections
[2025-02-04 17:53:22] INFO [app.services.redis.__init__:18] Successfully connected to Redis at localhost:6379
[2025-02-04 17:53:22] INFO [main.lifespan:29] Redis connection established at startup
[2025-02-04 17:53:22] INFO [app.services.supabase.__init__:11] Successfully connected to Supabase at https://scvjcsutiyircyrusvsb.supabase.co
[2025-02-04 17:53:22] INFO [main.lifespan:37] Supabase connection established at startup
[2025-02-04 17:53:22] INFO [main.lifespan:42] Starting up FastAPI application
[2025-02-04 18:21:27] INFO [main.lifespan:46] Shutting down FastAPI application and closing connections
[2025-02-04 18:21:28] INFO [app.services.redis.__init__:18] Successfully connected to Redis at localhost:6379
[2025-02-04 18:21:28] INFO [main.lifespan:29] Redis connection established at startup
[2025-02-04 18:21:28] INFO [app.services.supabase.__init__:11] Successfully connected to Supabase at https://scvjcsutiyircyrusvsb.supabase.co
[2025-02-04 18:21:28] INFO [main.lifespan:37] Supabase connection established at startup
[2025-02-04 18:21:28] INFO [main.lifespan:42] Starting up FastAPI application
[2025-02-04 18:22:24] INFO [main.lifespan:46] Shutting down FastAPI application and closing connections
[2025-02-04 18:22:25] INFO [app.services.redis.__init__:18] Successfully connected to Redis at localhost:6379
[2025-02-04 18:22:25] INFO [main.lifespan:29] Redis connection established at startup
[2025-02-04 18:22:25] INFO [app.services.supabase.__init__:11] Successfully connected to Supabase at https://scvjcsutiyircyrusvsb.supabase.co
[2025-02-04 18:22:25] INFO [main.lifespan:37] Supabase connection established at startup
[2025-02-04 18:22:25] INFO [main.lifespan:42] Starting up FastAPI application
[2025-02-04 18:23:11] INFO [main.lifespan:46] Shutting down FastAPI application and closing connections
[2025-02-04 18:23:12] INFO [app.services.redis.__init__:18] Successfully connected to Redis at localhost:6379
[2025-02-04 18:23:12] INFO [main.lifespan:29] Redis connection established at startup
[2025-02-04 18:23:12] INFO [app.services.supabase.__init__:11] Successfully connected to Supabase at https://scvjcsutiyircyrusvsb.supabase.co
[2025-02-04 18:23:12] INFO [main.lifespan:37] Supabase connection established at startup
[2025-02-04 18:23:12] INFO [main.lifespan:42] Starting up FastAPI application
[2025-02-04 19:55:21] INFO [main.lifespan:46] Shutting down FastAPI application and closing connections
[2025-02-04 19:55:33] INFO [app.services.redis.__init__:18] Successfully connected to Redis at localhost:6379
[2025-02-04 19:55:33] INFO [main.lifespan:29] Redis connection established at startup
[2025-02-04 19:55:33] INFO [app.services.supabase.__init__:11] Successfully connected to Supabase at https://scvjcsutiyircyrusvsb.supabase.co
[2025-02-04 19:55:33] INFO [main.lifespan:37] Supabase connection established at startup
[2025-02-04 19:55:33] INFO [main.lifespan:42] Starting up FastAPI application
[2025-02-04 19:55:49] INFO [main.lifespan:46] Shutting down FastAPI application and closing connections
[2025-02-04 19:55:50] INFO [app.services.redis.__init__:18] Successfully connected to Redis at localhost:6379
[2025-02-04 19:55:50] INFO [main.lifespan:29] Redis connection established at startup
[2025-02-04 19:55:50] INFO [app.services.supabase.__init__:11] Successfully connected to Supabase at https://scvjcsutiyircyrusvsb.supabase.co
[2025-02-04 19:55:50] INFO [main.lifespan:37] Supabase connection established at startup
[2025-02-04 19:55:50] INFO [main.lifespan:42] Starting up FastAPI application
[2025-02-04 19:55:58] INFO [main.lifespan:46] Shutting down FastAPI application and closing connections
[2025-02-04 19:55:59] INFO [app.services.redis.__init__:18] Successfully connected to Redis at localhost:6379
[2025-02-04 19:55:59] INFO [main.lifespan:29] Redis connection established at startup
[2025-02-04 19:55:59] INFO [app.services.supabase.__init__:11] Successfully connected to Supabase at https://scvjcsutiyircyrusvsb.supabase.co
[2025-02-04 19:55:59] INFO [main.lifespan:37] Supabase connection established at startup
[2025-02-04 19:55:59] INFO [main.lifespan:42] Starting up FastAPI application
[2025-02-11 10:11:37] INFO [main.lifespan:46] Shutting down FastAPI application and closing connections
